TN:
SF:/vagrant/index.js
FN:7,(anonymous_1)
FN:12,(anonymous_2)
FN:18,(anonymous_3)
FNF:3
FNH:3
FNDA:1,(anonymous_1)
FNDA:1,(anonymous_2)
FNDA:1,(anonymous_3)
DA:1,1
DA:2,1
DA:4,1
DA:5,1
DA:7,1
DA:8,1
DA:9,1
DA:12,1
DA:13,1
DA:16,1
DA:17,1
DA:18,1
DA:19,1
DA:20,1
DA:22,1
LF:15
LH:15
BRDA:17,1,0,1
BRDA:17,1,1,0
BRF:2
BRH:1
end_of_record
TN:
SF:/vagrant/routes.js
FN:4,helloWorld
FNF:1
FNH:1
FNDA:1,helloWorld
DA:1,1
DA:2,1
DA:4,1
DA:5,1
DA:6,1
DA:9,1
DA:11,1
DA:13,1
DA:19,1
LF:9
LH:9
BRF:0
BRH:0
end_of_record
TN:
SF:/vagrant/test.js
FN:6,(anonymous_1)
FN:10,(anonymous_2)
FN:17,(anonymous_3)
FNF:3
FNH:3
FNDA:1,(anonymous_1)
FNDA:1,(anonymous_2)
FNDA:1,(anonymous_3)
DA:1,1
DA:2,1
DA:4,1
DA:6,1
DA:7,1
DA:11,1
DA:12,1
DA:13,1
DA:17,1
DA:18,1
LF:10
LH:10
BRF:0
BRH:0
end_of_record
